<?xml version="1.0" encoding="UTF-8"?>
<testsuite xmlns:xsi="http://www.w3.org/2001/XMLSchema-instance" xsi:noNamespaceSchemaLocation="https://maven.apache.org/surefire/maven-surefire-plugin/xsd/surefire-test-report-3.0.xsd" version="3.0" name="CustomerDAOTest" time="0.97" tests="5" errors="5" skipped="0" failures="0">
  <properties>
    <property name="java.specification.version" value="17"/>
    <property name="sun.cpu.isalist" value="amd64"/>
    <property name="sun.jnu.encoding" value="Cp1252"/>
    <property name="java.class.path" value="C:\Users\sanjy\Dropbox\My PC\Desktop\Sanjyot\Training\CodeFury-Hunters\Subscription-Based-E-Commerce-Web-Application\server\target\test-classes;C:\Users\sanjy\Dropbox\My PC\Desktop\Sanjyot\Training\CodeFury-Hunters\Subscription-Based-E-Commerce-Web-Application\server\target\classes;C:\Users\sanjy\.m2\repository\com\mysql\mysql-connector-j\9.0.0\mysql-connector-j-9.0.0.jar;C:\Users\sanjy\.m2\repository\com\google\protobuf\protobuf-java\4.26.1\protobuf-java-4.26.1.jar;C:\Users\sanjy\.m2\repository\junit\junit\4.12\junit-4.12.jar;C:\Users\sanjy\.m2\repository\org\hamcrest\hamcrest-core\1.3\hamcrest-core-1.3.jar;C:\Users\sanjy\.m2\repository\org\junit\jupiter\junit-jupiter\5.11.0\junit-jupiter-5.11.0.jar;C:\Users\sanjy\.m2\repository\org\junit\jupiter\junit-jupiter-api\5.11.0\junit-jupiter-api-5.11.0.jar;C:\Users\sanjy\.m2\repository\org\opentest4j\opentest4j\1.3.0\opentest4j-1.3.0.jar;C:\Users\sanjy\.m2\repository\org\junit\platform\junit-platform-commons\1.11.0\junit-platform-commons-1.11.0.jar;C:\Users\sanjy\.m2\repository\org\apiguardian\apiguardian-api\1.1.2\apiguardian-api-1.1.2.jar;C:\Users\sanjy\.m2\repository\org\junit\jupiter\junit-jupiter-params\5.11.0\junit-jupiter-params-5.11.0.jar;C:\Users\sanjy\.m2\repository\org\junit\jupiter\junit-jupiter-engine\5.11.0\junit-jupiter-engine-5.11.0.jar;C:\Users\sanjy\.m2\repository\org\junit\platform\junit-platform-engine\1.11.0\junit-platform-engine-1.11.0.jar;"/>
    <property name="java.vm.vendor" value="Azul Systems, Inc."/>
    <property name="sun.arch.data.model" value="64"/>
    <property name="user.variant" value=""/>
    <property name="java.vendor.url" value="http://www.azul.com/"/>
    <property name="user.timezone" value="Asia/Calcutta"/>
    <property name="os.name" value="Windows 10"/>
    <property name="java.vm.specification.version" value="17"/>
    <property name="sun.java.launcher" value="SUN_STANDARD"/>
    <property name="user.country" value="IN"/>
    <property name="sun.boot.library.path" value="C:\Users\sanjy\.jdks\azul-17.0.12\bin"/>
    <property name="sun.java.command" value="C:\Users\sanjy\AppData\Local\Temp\surefire13017790662422854501\surefirebooter-20240818173122278_3.jar C:\Users\sanjy\AppData\Local\Temp\surefire13017790662422854501 2024-08-18T17-31-21_998-jvmRun1 surefire-20240818173122278_1tmp surefire_0-20240818173122278_2tmp"/>
    <property name="jdk.debug" value="release"/>
    <property name="surefire.test.class.path" value="C:\Users\sanjy\Dropbox\My PC\Desktop\Sanjyot\Training\CodeFury-Hunters\Subscription-Based-E-Commerce-Web-Application\server\target\test-classes;C:\Users\sanjy\Dropbox\My PC\Desktop\Sanjyot\Training\CodeFury-Hunters\Subscription-Based-E-Commerce-Web-Application\server\target\classes;C:\Users\sanjy\.m2\repository\com\mysql\mysql-connector-j\9.0.0\mysql-connector-j-9.0.0.jar;C:\Users\sanjy\.m2\repository\com\google\protobuf\protobuf-java\4.26.1\protobuf-java-4.26.1.jar;C:\Users\sanjy\.m2\repository\junit\junit\4.12\junit-4.12.jar;C:\Users\sanjy\.m2\repository\org\hamcrest\hamcrest-core\1.3\hamcrest-core-1.3.jar;C:\Users\sanjy\.m2\repository\org\junit\jupiter\junit-jupiter\5.11.0\junit-jupiter-5.11.0.jar;C:\Users\sanjy\.m2\repository\org\junit\jupiter\junit-jupiter-api\5.11.0\junit-jupiter-api-5.11.0.jar;C:\Users\sanjy\.m2\repository\org\opentest4j\opentest4j\1.3.0\opentest4j-1.3.0.jar;C:\Users\sanjy\.m2\repository\org\junit\platform\junit-platform-commons\1.11.0\junit-platform-commons-1.11.0.jar;C:\Users\sanjy\.m2\repository\org\apiguardian\apiguardian-api\1.1.2\apiguardian-api-1.1.2.jar;C:\Users\sanjy\.m2\repository\org\junit\jupiter\junit-jupiter-params\5.11.0\junit-jupiter-params-5.11.0.jar;C:\Users\sanjy\.m2\repository\org\junit\jupiter\junit-jupiter-engine\5.11.0\junit-jupiter-engine-5.11.0.jar;C:\Users\sanjy\.m2\repository\org\junit\platform\junit-platform-engine\1.11.0\junit-platform-engine-1.11.0.jar;"/>
    <property name="sun.cpu.endian" value="little"/>
    <property name="user.home" value="C:\Users\sanjy"/>
    <property name="user.language" value="en"/>
    <property name="java.specification.vendor" value="Oracle Corporation"/>
    <property name="java.version.date" value="2024-07-16"/>
    <property name="java.home" value="C:\Users\sanjy\.jdks\azul-17.0.12"/>
    <property name="file.separator" value="\"/>
    <property name="basedir" value="C:\Users\sanjy\Dropbox\My PC\Desktop\Sanjyot\Training\CodeFury-Hunters\Subscription-Based-E-Commerce-Web-Application\server"/>
    <property name="java.vm.compressedOopsMode" value="Zero based"/>
    <property name="line.separator" value="&#10;"/>
    <property name="java.vm.specification.vendor" value="Oracle Corporation"/>
    <property name="java.specification.name" value="Java Platform API Specification"/>
    <property name="surefire.real.class.path" value="C:\Users\sanjy\AppData\Local\Temp\surefire13017790662422854501\surefirebooter-20240818173122278_3.jar"/>
    <property name="user.script" value=""/>
    <property name="sun.management.compiler" value="HotSpot 64-Bit Tiered Compilers"/>
    <property name="java.runtime.version" value="17.0.12+7-LTS"/>
    <property name="user.name" value="sanjy"/>
    <property name="path.separator" value=";"/>
    <property name="os.version" value="10.0"/>
    <property name="java.runtime.name" value="OpenJDK Runtime Environment"/>
    <property name="file.encoding" value="Cp1252"/>
    <property name="java.vm.name" value="OpenJDK 64-Bit Server VM"/>
    <property name="java.vendor.version" value="Zulu17.52+17-CA"/>
    <property name="localRepository" value="C:\Users\sanjy\.m2\repository"/>
    <property name="java.vendor.url.bug" value="http://www.azul.com/support/"/>
    <property name="java.io.tmpdir" value="C:\Users\sanjy\AppData\Local\Temp\"/>
    <property name="idea.version" value="2024.2"/>
    <property name="java.version" value="17.0.12"/>
    <property name="user.dir" value="C:\Users\sanjy\Dropbox\My PC\Desktop\Sanjyot\Training\CodeFury-Hunters\Subscription-Based-E-Commerce-Web-Application\server"/>
    <property name="os.arch" value="amd64"/>
    <property name="java.vm.specification.name" value="Java Virtual Machine Specification"/>
    <property name="sun.os.patch.level" value=""/>
    <property name="native.encoding" value="Cp1252"/>
    <property name="java.library.path" value="C:\Users\sanjy\.jdks\azul-17.0.12\bin;C:\Windows\Sun\Java\bin;C:\Windows\system32;C:\Windows;C:\Program Files (x86)\VMware\VMware Player\bin\;C:\App\db_home\bin;C:\Users\Administrator\Downloads\db_home\bin;C:\Users\Administrator\Downloads\WINDOWS.X64_193000_db_home\bin;C:\Users\Administrator\Desktop\Sanjyot\My_Oracle\bin;C:\Users\Administrator\Desktop\Sanjyot\Oracle\bin;C:\Python39\Scripts\;C:\Python39\;C:\Program Files\Common Files\Oracle\Java\javapath;C:\Windows\system32;C:\Windows;C:\Windows\System32\Wbem;C:\Windows\System32\WindowsPowerShell\v1.0\;C:\Windows\System32\OpenSSH\;C:\Program Files (x86)\NVIDIA Corporation\PhysX\Common;C:\Program Files\NVIDIA Corporation\NVIDIA NvDLISR;C:\Program Files\CodeBlocks\MinGW\bin;C:\MinGW\bin;C:\Program Files\nodejs\;C:\Program Files\Java\jdk-17.0.2\bin;C:\Program Files (x86)\GnuWin32\bin;C:\Program Files (x86)\GnuWin32\bin;C:\Program Files\mongosh\mongosh-1.10.3-win32-x64\bin;C:\Users\sanjy\.cargo\bin;C:\Program Files\Git\cmd;C:\Program Files\MongoDB\Server\7.0\bin;C:\Program Files\Go\bin;C:\Users\sanjy\.cargo\bin;C:\Users\sanjy\AppData\Local\Microsoft\WindowsApps;C:\Program Files\CodeBlocks\MinGW\bin;C:\Users\sanjy\AppData\Local\Programs\Microsoft VS Code\bin;C:\Program Files\MongoDB\Server\5.0\bin;C:\Users\sanjy\AppData\Roaming\npm;C:\Program Files\JetBrains\IntelliJ IDEA Community Edition 2024.2\bin;;C:\ProgramData\Microsoft\Windows\Start Menu\Programs\Node.js;C:\Program Files (x86)\GnuWin32\bin;C:\Users\sanjy\AppData\Local\GitHubDesktop\bin;C:\Program Files (x86)\GnuWin32\bin;C:\Windows\System32\wbem;C:\Users\sanjy\.cargo\bin;C:\Program Files\MongoDB\Server\7.0\bin;C:\Users\sanjy\go\bin;."/>
    <property name="java.vm.info" value="mixed mode, sharing"/>
    <property name="java.vendor" value="Azul Systems, Inc."/>
    <property name="java.vm.version" value="17.0.12+7-LTS"/>
    <property name="sun.io.unicode.encoding" value="UnicodeLittle"/>
    <property name="java.class.version" value="61.0"/>
  </properties>
  <testcase name="testGetCustomerById" classname="CustomerDAOTest" time="0.715">
    <error message="You have an error in your SQL syntax; check the manual that corresponds to your MySQL server version for the right syntax to use near &apos;order&apos; at line 1" type="java.sql.SQLSyntaxErrorException"><![CDATA[java.sql.SQLSyntaxErrorException: You have an error in your SQL syntax; check the manual that corresponds to your MySQL server version for the right syntax to use near 'order' at line 1
	at com.mysql.cj.jdbc.exceptions.SQLError.createSQLException(SQLError.java:112)
	at com.mysql.cj.jdbc.exceptions.SQLExceptionsMapping.translateException(SQLExceptionsMapping.java:114)
	at com.mysql.cj.jdbc.StatementImpl.executeInternal(StatementImpl.java:875)
	at com.mysql.cj.jdbc.StatementImpl.execute(StatementImpl.java:723)
	at CustomerDAOTest.tearDown(CustomerDAOTest.java:33)
	at java.base/java.lang.reflect.Method.invoke(Method.java:569)
	at java.base/java.util.ArrayList.forEach(ArrayList.java:1511)
	at java.base/java.util.ArrayList.forEach(ArrayList.java:1511)
]]></error>
  </testcase>
  <testcase name="testGetAllCustomers" classname="CustomerDAOTest" time="0.088">
    <error message="You have an error in your SQL syntax; check the manual that corresponds to your MySQL server version for the right syntax to use near &apos;order&apos; at line 1" type="java.sql.SQLSyntaxErrorException"><![CDATA[java.sql.SQLSyntaxErrorException: You have an error in your SQL syntax; check the manual that corresponds to your MySQL server version for the right syntax to use near 'order' at line 1
	at com.mysql.cj.jdbc.exceptions.SQLError.createSQLException(SQLError.java:112)
	at com.mysql.cj.jdbc.exceptions.SQLExceptionsMapping.translateException(SQLExceptionsMapping.java:114)
	at com.mysql.cj.jdbc.StatementImpl.executeInternal(StatementImpl.java:875)
	at com.mysql.cj.jdbc.StatementImpl.execute(StatementImpl.java:723)
	at CustomerDAOTest.tearDown(CustomerDAOTest.java:33)
	at java.base/java.lang.reflect.Method.invoke(Method.java:569)
	at java.base/java.util.ArrayList.forEach(ArrayList.java:1511)
	at java.base/java.util.ArrayList.forEach(ArrayList.java:1511)
]]></error>
  </testcase>
  <testcase name="testUpdateCustomer" classname="CustomerDAOTest" time="0.044">
    <error message="You have an error in your SQL syntax; check the manual that corresponds to your MySQL server version for the right syntax to use near &apos;order&apos; at line 1" type="java.sql.SQLSyntaxErrorException"><![CDATA[java.sql.SQLSyntaxErrorException: You have an error in your SQL syntax; check the manual that corresponds to your MySQL server version for the right syntax to use near 'order' at line 1
	at com.mysql.cj.jdbc.exceptions.SQLError.createSQLException(SQLError.java:112)
	at com.mysql.cj.jdbc.exceptions.SQLExceptionsMapping.translateException(SQLExceptionsMapping.java:114)
	at com.mysql.cj.jdbc.StatementImpl.executeInternal(StatementImpl.java:875)
	at com.mysql.cj.jdbc.StatementImpl.execute(StatementImpl.java:723)
	at CustomerDAOTest.tearDown(CustomerDAOTest.java:33)
	at java.base/java.lang.reflect.Method.invoke(Method.java:569)
	at java.base/java.util.ArrayList.forEach(ArrayList.java:1511)
	at java.base/java.util.ArrayList.forEach(ArrayList.java:1511)
]]></error>
  </testcase>
  <testcase name="testSaveCustomer" classname="CustomerDAOTest" time="0.035">
    <error message="Duplicate entry &apos;john.doe@example.com&apos; for key &apos;customer.email&apos;" type="java.sql.SQLIntegrityConstraintViolationException"><![CDATA[java.sql.SQLIntegrityConstraintViolationException: Duplicate entry 'john.doe@example.com' for key 'customer.email'
	at com.mysql.cj.jdbc.exceptions.SQLError.createSQLException(SQLError.java:109)
	at com.mysql.cj.jdbc.exceptions.SQLExceptionsMapping.translateException(SQLExceptionsMapping.java:114)
	at com.mysql.cj.jdbc.ClientPreparedStatement.executeInternal(ClientPreparedStatement.java:987)
	at com.mysql.cj.jdbc.ClientPreparedStatement.executeUpdateInternal(ClientPreparedStatement.java:1165)
	at com.mysql.cj.jdbc.ClientPreparedStatement.executeUpdateInternal(ClientPreparedStatement.java:1100)
	at com.mysql.cj.jdbc.ClientPreparedStatement.executeLargeUpdate(ClientPreparedStatement.java:1466)
	at com.mysql.cj.jdbc.ClientPreparedStatement.executeUpdate(ClientPreparedStatement.java:1083)
	at com.hsbc.ecommerce.dao.CustomerDAO.saveCustomer(CustomerDAO.java:26)
	at CustomerDAOTest.testSaveCustomer(CustomerDAOTest.java:50)
	at java.base/java.lang.reflect.Method.invoke(Method.java:569)
	at java.base/java.util.ArrayList.forEach(ArrayList.java:1511)
	at java.base/java.util.ArrayList.forEach(ArrayList.java:1511)
	Suppressed: java.sql.SQLSyntaxErrorException: You have an error in your SQL syntax; check the manual that corresponds to your MySQL server version for the right syntax to use near 'order' at line 1
		at com.mysql.cj.jdbc.exceptions.SQLError.createSQLException(SQLError.java:112)
		at com.mysql.cj.jdbc.exceptions.SQLExceptionsMapping.translateException(SQLExceptionsMapping.java:114)
		at com.mysql.cj.jdbc.StatementImpl.executeInternal(StatementImpl.java:875)
		at com.mysql.cj.jdbc.StatementImpl.execute(StatementImpl.java:723)
		at CustomerDAOTest.tearDown(CustomerDAOTest.java:33)
		... 3 more
]]></error>
  </testcase>
  <testcase name="testDeleteCustomer" classname="CustomerDAOTest" time="0.035">
    <error message="You have an error in your SQL syntax; check the manual that corresponds to your MySQL server version for the right syntax to use near &apos;order&apos; at line 1" type="java.sql.SQLSyntaxErrorException"><![CDATA[java.sql.SQLSyntaxErrorException: You have an error in your SQL syntax; check the manual that corresponds to your MySQL server version for the right syntax to use near 'order' at line 1
	at com.mysql.cj.jdbc.exceptions.SQLError.createSQLException(SQLError.java:112)
	at com.mysql.cj.jdbc.exceptions.SQLExceptionsMapping.translateException(SQLExceptionsMapping.java:114)
	at com.mysql.cj.jdbc.StatementImpl.executeInternal(StatementImpl.java:875)
	at com.mysql.cj.jdbc.StatementImpl.execute(StatementImpl.java:723)
	at CustomerDAOTest.tearDown(CustomerDAOTest.java:33)
	at java.base/java.lang.reflect.Method.invoke(Method.java:569)
	at java.base/java.util.ArrayList.forEach(ArrayList.java:1511)
	at java.base/java.util.ArrayList.forEach(ArrayList.java:1511)
]]></error>
  </testcase>
</testsuite>